java.io.FileNotFoundException: server.keystore (No such file or directory)
	at java.io.FileInputStream.open(Native Method)
	at java.io.FileInputStream.<init>(FileInputStream.java:146)
	at java.io.FileInputStream.<init>(FileInputStream.java:101)
	at DougServer.getServerSocket(DougServer.java:73)
	at DougServer.<init>(DougServer.java:27)
	at DougServer.main(DougServer.java:42)
java.io.FileNotFoundException: server.keystore (No such file or directory)
	at java.io.FileInputStream.open(Native Method)
	at java.io.FileInputStream.<init>(FileInputStream.java:146)
	at java.io.FileInputStream.<init>(FileInputStream.java:101)
	at DougServer.getServerSocket(DougServer.java:73)
	at DougServer.<init>(DougServer.java:27)
	at DougServer.main(DougServer.java:42)
java.io.FileNotFoundException: server.keystore (No such file or directory)
	at java.io.FileInputStream.open(Native Method)
	at java.io.FileInputStream.<init>(FileInputStream.java:146)
	at java.io.FileInputStream.<init>(FileInputStream.java:101)
	at DougServer.getServerSocket(DougServer.java:73)
	at DougServer.<init>(DougServer.java:27)
	at DougServer.main(DougServer.java:42)
